0
MATLAB is selecting SOFTWARE OPENGL rendering.

                            < M A T L A B (R) >
                  Copyright 1984-2018 The MathWorks, Inc.
                   R2018a (9.4.0.813654) 64-bit (glnxa64)
                             February 23, 2018

 
To get started, type one of these: helpwin, helpdesk, or demo.
For product information, visit www.mathworks.com.
 
     1

     5

     1

     2

     3

     4

     5

start retrieving
Elapsed time is 64.969696 seconds.
   185

     1

     2

     3

     4

     5

start retrieving
Elapsed time is 157.928338 seconds.
finished!
     2

     5

     1

     2

     3

     4

     5

start retrieving
Elapsed time is 235.780355 seconds.
   185

     1

     2

     3

     4

     5

start retrieving
Elapsed time is 1827.582928 seconds.
finished!
     3

     5

     1

     2

     3

     4

     5

start retrieving
Elapsed time is 2405.332073 seconds.
   185

     1

     2

     3

     4

     5

start retrieving
Elapsed time is 6161.757813 seconds.
finished!
     4

     5

     1

     2

     3

     4

     5

start retrieving
Elapsed time is 169.157069 seconds.
   185

     1

     2

     3

     4

     5

start retrieving
Elapsed time is 133.428064 seconds.
finished!
     5

     5

     1

     2

     3

     4

     5

start retrieving
Elapsed time is 19.322601 seconds.
   185

     1

     2

     3

     4

     5

start retrieving
Elapsed time is 19.413580 seconds.
finished!
     6

     5

     1

     2

     3

     4

     5

start retrieving
Elapsed time is 227.955160 seconds.
   185

     1

     2

     3

     4

     5

start retrieving
Elapsed time is 1201.967446 seconds.
finished!
     7

     5

     1

     2

     3

     4

     5

start retrieving
Elapsed time is 733.579585 seconds.
   185

     1

     2

     3

     4

     5

start retrieving
Elapsed time is 1212.957820 seconds.
finished!
     8

     5

     1

     2

     3

     4

     5

start retrieving
Elapsed time is 1129.634577 seconds.
   185

     1

     2

     3

     4

     5

start retrieving
Elapsed time is 749.168655 seconds.
finished!
Your MATLAB session has timed out.  All license keys have been returned.
