0
MATLAB is selecting SOFTWARE OPENGL rendering.

                            < M A T L A B (R) >
                  Copyright 1984-2018 The MathWorks, Inc.
                   R2018a (9.4.0.813654) 64-bit (glnxa64)
                             February 23, 2018

 
To get started, type one of these: helpwin, helpdesk, or demo.
For product information, visit www.mathworks.com.
 
     2

   275

     1

     2

     3

     4

     5

start retrieving
Elapsed time is 2898.490369 seconds.
finished!
   280

     1

     2

     3

     4

     5

start retrieving
Elapsed time is 1932.294305 seconds.
finished!
   285

     1

     2

     3

     4

     5

start retrieving
Elapsed time is 1275.667249 seconds.
finished!
   290

     1

     2

     3

     4

     5

start retrieving
Elapsed time is 877.349399 seconds.
finished!
   295

     1

     2

     3

     4

     5

start retrieving
Elapsed time is 1529.260863 seconds.
finished!
   300

     1

     2

     3

     4

     5

start retrieving
Elapsed time is 1245.818750 seconds.
finished!
   305

     1

     2

     3

     4

     5

start retrieving
Elapsed time is 1256.864459 seconds.
finished!
   310

     1

     2

     3

     4

     5

start retrieving
Elapsed time is 1197.760406 seconds.
finished!
   315

     1

     2

     3

     4

     5

start retrieving
Elapsed time is 1415.522487 seconds.
finished!
   320

     1

     2

     3

     4

     5

start retrieving
Elapsed time is 1414.567310 seconds.
finished!
   325

     1

     2

     3

     4

     5

start retrieving
Elapsed time is 1558.094098 seconds.
finished!
   330

     1

     2

     3

     4

     5

start retrieving
Elapsed time is 999.874811 seconds.
finished!
   335

     1

     2

     3

     4

     5

start retrieving
Elapsed time is 800.281592 seconds.
finished!
   340

     1

     2

     3

     4

     5

start retrieving
Elapsed time is 1217.124476 seconds.
finished!
   345

     1

     2

     3

     4

     5

start retrieving
Elapsed time is 1129.453481 seconds.
finished!
   350

     1

     2

     3

     4

     5

start retrieving
Elapsed time is 721.259500 seconds.
finished!
   355

     1

     2

     3

     4

     5

start retrieving
Elapsed time is 485.021002 seconds.
finished!
   360

     1

     2

     3

     4

     5

start retrieving
Elapsed time is 798.613890 seconds.
finished!
   365

     1

     2

     3

     4

     5

start retrieving
Elapsed time is 1219.604664 seconds.
finished!
Your MATLAB session has timed out.  All license keys have been returned.
