0
MATLAB is selecting SOFTWARE OPENGL rendering.

                            < M A T L A B (R) >
                  Copyright 1984-2018 The MathWorks, Inc.
                   R2018a (9.4.0.813654) 64-bit (glnxa64)
                             February 23, 2018

 
To get started, type one of these: helpwin, helpdesk, or demo.
For product information, visit www.mathworks.com.
 

index =

     3

     3

   220

     1

     2

     3

     4

     5

start retrieving
Elapsed time is 10940.775157 seconds.
finished!
   225

     1

     2

     3

     4

     5

start retrieving
Elapsed time is 11356.478001 seconds.
finished!
   230

     1

     2

     3

     4

     5

start retrieving
Elapsed time is 11468.380339 seconds.
finished!
   235

     1

     2

     3

     4

     5

start retrieving
Elapsed time is 10575.802980 seconds.
finished!
   240

     1

     2

     3

     4

     5

start retrieving
Elapsed time is 11371.210157 seconds.
finished!
   245

     1

     2

     3

     4

     5

start retrieving
Elapsed time is 9368.106859 seconds.
finished!
   250

     1

     2

     3

     4

     5

start retrieving
Elapsed time is 6817.791978 seconds.
finished!
   255

     1

     2

     3

     4

     5

start retrieving
Elapsed time is 6678.072938 seconds.
finished!
   260

     1

     2

     3

     4

     5

start retrieving
Elapsed time is 6263.931210 seconds.
finished!
   265

     1

     2

     3

     4

     5

start retrieving
Elapsed time is 4670.078927 seconds.
finished!
   270

     1

     2

     3

     4

     5

start retrieving
Elapsed time is 6719.859668 seconds.
finished!
   275

     1

     2

     3

     4

     5

start retrieving
Elapsed time is 6642.234750 seconds.
finished!
   280

     1

     2

     3

     4

     5

start retrieving
Elapsed time is 6380.025717 seconds.
finished!
   285

     1

     2

     3

     4

     5

start retrieving
Elapsed time is 5005.338313 seconds.
finished!
   290

     1

     2

     3

     4

     5

start retrieving
Elapsed time is 3762.255626 seconds.
finished!
   295

     1

     2

     3

     4

     5

start retrieving
Elapsed time is 5913.384689 seconds.
finished!
   300

     1

     2

     3

     4

     5

start retrieving
Elapsed time is 5710.905954 seconds.
finished!
   305

     1

     2

     3

     4

     5

start retrieving
Elapsed time is 4492.793895 seconds.
finished!
   310

     1

     2

     3

     4

     5

start retrieving
Elapsed time is 38263.646172 seconds.
finished!
   315

     1

     2

     3

     4

     5

start retrieving
Elapsed time is 4031.864603 seconds.
finished!
   320

     1

     2

     3

     4

     5

start retrieving
Elapsed time is 5326.464529 seconds.
finished!
   325

     1

     2

     3

     4

     5

start retrieving
Elapsed time is 40046.408128 seconds.
finished!
   330

     1

     2

     3

     4

     5

start retrieving
Elapsed time is 8662.767298 seconds.
finished!
   335

     1

     2

     3

     4

     5

start retrieving
Elapsed time is 49214.461426 seconds.
finished!
   340

     1

     2

     3

     4

     5

start retrieving
Elapsed time is 4057.344818 seconds.
finished!
   345

     1

     2

     3

     4

     5

start retrieving
Elapsed time is 4699.793247 seconds.
finished!
   350

     1

     2

     3

     4

     5

start retrieving
Elapsed time is 3648.730372 seconds.
finished!
   355

     1

     2

     3

     4

     5

start retrieving
Elapsed time is 2194.457353 seconds.
finished!
   360

     1

     2

     3

     4

     5

start retrieving
Elapsed time is 20516.008698 seconds.
finished!
   365

     1

     2

     3

     4

     5

start retrieving
Elapsed time is 11709.294007 seconds.
finished!
Your MATLAB session has timed out.  All license keys have been returned.
