6
MATLAB is selecting SOFTWARE OPENGL rendering.

                            < M A T L A B (R) >
                  Copyright 1984-2018 The MathWorks, Inc.
                   R2018a (9.4.0.813654) 64-bit (glnxa64)
                             February 23, 2018

 
To get started, type one of these: helpwin, helpdesk, or demo.
For product information, visit www.mathworks.com.
 
     6

     5

     1

     2

     3

     4

     5

start retrieving
Elapsed time is 272.626291 seconds.
finished!
    10

     1

     2

     3

     4

     5

start retrieving
Elapsed time is 245.752271 seconds.
finished!
    15

     1

     2

     3

     4

     5

start retrieving
Elapsed time is 484.030270 seconds.
finished!
    20

     1

     2

     3

     4

     5

start retrieving
Elapsed time is 842.186616 seconds.
finished!
    25

     1

     2

     3

     4

     5

start retrieving
Elapsed time is 656.707071 seconds.
finished!
    30

     1

     2

     3

     4

     5

start retrieving
Elapsed time is 199.784421 seconds.
finished!
    35

     1

     2

     3

     4

     5

start retrieving
Elapsed time is 486.011260 seconds.
finished!
    40

     1

     2

     3

     4

     5

start retrieving
Elapsed time is 518.625694 seconds.
finished!
    45

     1

     2

     3

     4

     5

start retrieving
Elapsed time is 824.396077 seconds.
finished!
    50

     1

     2

     3

     4

     5

start retrieving
Elapsed time is 691.711148 seconds.
finished!
    55

     1

     2

     3

     4

     5

start retrieving
Elapsed time is 538.163649 seconds.
finished!
    60

     1

     2

     3

     4

     5

start retrieving
Elapsed time is 535.450894 seconds.
finished!
    65

     1

     2

     3

     4

     5

start retrieving
Elapsed time is 338.577922 seconds.
finished!
    70

     1

     2

     3

     4

     5

start retrieving
Elapsed time is 303.137585 seconds.
finished!
    75

     1

     2

     3

     4

     5

start retrieving
Elapsed time is 613.523098 seconds.
finished!
    80

     1

     2

     3

     4

     5

start retrieving
Elapsed time is 402.534648 seconds.
finished!
    85

     1

     2

     3

     4

     5

start retrieving
Elapsed time is 415.978305 seconds.
finished!
    90

     1

     2

     3

     4

     5

start retrieving
Elapsed time is 447.742287 seconds.
finished!
    95

     1

     2

     3

     4

     5

start retrieving
Elapsed time is 674.819319 seconds.
finished!
   100

     1

     2

     3

     4

     5

start retrieving
Elapsed time is 570.413260 seconds.
finished!
   105

     1

     2

     3

     4

     5

start retrieving
Elapsed time is 288.733046 seconds.
finished!
   110

     1

     2

     3

     4

     5

start retrieving
Elapsed time is 944.544986 seconds.
finished!
   115

     1

     2

     3

     4

     5

start retrieving
Elapsed time is 605.340646 seconds.
finished!
   120

     1

     2

     3

     4

     5

start retrieving
Elapsed time is 717.645096 seconds.
finished!
   125

     1

     2

     3

     4

     5

start retrieving
Elapsed time is 2123.634310 seconds.
finished!
   130

     1

     2

     3

     4

     5

start retrieving
Elapsed time is 795.894897 seconds.
finished!
   135

     1

     2

     3

     4

     5

start retrieving
Elapsed time is 633.724929 seconds.
finished!
   140

     1

     2

     3

     4

     5

start retrieving
Elapsed time is 544.737935 seconds.
finished!
   145

     1

     2

     3

     4

     5

start retrieving
Elapsed time is 708.726977 seconds.
finished!
   150

     1

     2

     3

     4

     5

start retrieving
Elapsed time is 810.501771 seconds.
finished!
   155

     1

     2

     3

     4

     5

start retrieving
Elapsed time is 718.717575 seconds.
finished!
   160

     1

     2

     3

     4

     5

start retrieving
Elapsed time is 1015.436464 seconds.
finished!
   165

     1

     2

     3

     4

     5

start retrieving
Elapsed time is 1693.789979 seconds.
finished!
   170

     1

     2

     3

     4

     5

start retrieving
Elapsed time is 2658.436078 seconds.
finished!
   175

     1

     2

     3

     4

     5

start retrieving
Elapsed time is 1807.061030 seconds.
finished!
   180

     1

     2

     3

     4

     5

start retrieving
Elapsed time is 1340.514728 seconds.
finished!
   185

     1

     2

     3

     4

     5

start retrieving
Elapsed time is 1594.830563 seconds.
finished!
   190

     1

     2

     3

     4

     5

start retrieving
Elapsed time is 1568.311776 seconds.
finished!
   195

     1

     2

     3

     4

     5

start retrieving
Elapsed time is 2373.665843 seconds.
finished!
   200

     1

     2

     3

     4

     5

start retrieving
Elapsed time is 3372.072865 seconds.
finished!
   205

     1

     2

     3

     4

     5

start retrieving
Elapsed time is 1593.408592 seconds.
finished!
   210

     1

     2

     3

     4

     5

start retrieving
Elapsed time is 3048.096740 seconds.
finished!
   215

     1

     2

     3

     4

     5

start retrieving
Elapsed time is 3641.430619 seconds.
finished!
   220

     1

     2

     3

     4

     5

start retrieving
Elapsed time is 2517.184185 seconds.
finished!
   225

     1

     2

     3

     4

     5

start retrieving
Elapsed time is 3232.818258 seconds.
finished!
   230

     1

     2

     3

     4

     5

start retrieving
Elapsed time is 2568.473068 seconds.
finished!
   235

     1

     2

     3

     4

     5

start retrieving
Elapsed time is 2219.659439 seconds.
finished!
   240

     1

     2

     3

     4

     5

start retrieving
Elapsed time is 3434.034869 seconds.
finished!
   245

     1

     2

     3

     4

     5

start retrieving
Elapsed time is 988.144718 seconds.
finished!
   250

     1

     2

     3

     4

     5

start retrieving
Elapsed time is 801.722596 seconds.
finished!
   255

     1

     2

     3

     4

     5

start retrieving
Elapsed time is 2096.205556 seconds.
finished!
   260

     1

     2

     3

     4

     5

start retrieving
Elapsed time is 1452.453005 seconds.
finished!
   265

     1

     2

     3

     4

     5

start retrieving
Elapsed time is 1238.786545 seconds.
finished!
   270

     1

     2

     3

     4

     5

start retrieving
Elapsed time is 1336.393744 seconds.
finished!
   275

     1

     2

     3

     4

     5

start retrieving
Elapsed time is 1205.053961 seconds.
finished!
   280

     1

     2

     3

     4

     5

start retrieving
Elapsed time is 785.361726 seconds.
finished!
   285

     1

     2

     3

     4

     5

start retrieving
Elapsed time is 988.036459 seconds.
finished!
   290

     1

     2

     3

     4

     5

start retrieving
Elapsed time is 511.548027 seconds.
finished!
   295

     1

     2

     3

     4

     5

start retrieving
Elapsed time is 856.686184 seconds.
finished!
   300

     1

     2

     3

     4

     5

start retrieving
Elapsed time is 618.791668 seconds.
finished!
   305

     1

     2

     3

     4

     5

start retrieving
Elapsed time is 1363.312088 seconds.
finished!
   310

     1

     2

     3

     4

     5

start retrieving
Elapsed time is 1633.117502 seconds.
finished!
   315

     1

     2

     3

     4

     5

start retrieving
Elapsed time is 740.358845 seconds.
finished!
   320

     1

     2

     3

     4

     5

start retrieving
Elapsed time is 617.706840 seconds.
finished!
   325

     1

     2

     3

     4

     5

start retrieving
Elapsed time is 1687.441784 seconds.
finished!
   330

     1

     2

     3

     4

     5

start retrieving
Elapsed time is 1534.309272 seconds.
finished!
   335

     1

     2

     3

     4

     5

start retrieving
Elapsed time is 1111.618164 seconds.
finished!
   340

     1

     2

     3

     4

     5

start retrieving
Elapsed time is 1048.099294 seconds.
finished!
   345

     1

     2

     3

     4

     5

start retrieving
Elapsed time is 852.374018 seconds.
finished!
   350

     1

     2

     3

     4

     5

start retrieving
Elapsed time is 4128.820124 seconds.
finished!
   355

     1

     2

     3

     4

     5

start retrieving
Elapsed time is 473.897067 seconds.
finished!
   360

     1

     2

     3

     4

     5

start retrieving
Elapsed time is 1652.310498 seconds.
finished!
   365

     1

     2

     3

     4

     5

start retrieving
Elapsed time is 3851.143174 seconds.
finished!
Your MATLAB session has timed out.  All license keys have been returned.
