5
MATLAB is selecting SOFTWARE OPENGL rendering.

                            < M A T L A B (R) >
                  Copyright 1984-2018 The MathWorks, Inc.
                   R2018a (9.4.0.813654) 64-bit (glnxa64)
                             February 23, 2018

 
To get started, type one of these: helpwin, helpdesk, or demo.
For product information, visit www.mathworks.com.
 
     5

     5

     1

     2

     3

     4

     5

start retrieving
Elapsed time is 20.725901 seconds.
finished!
    10

     1

     2

     3

     4

     5

start retrieving
Elapsed time is 20.599881 seconds.
finished!
    15

     1

     2

     3

     4

     5

start retrieving
Elapsed time is 20.756508 seconds.
finished!
    20

     1

     2

     3

     4

     5

start retrieving
Elapsed time is 23.602431 seconds.
finished!
    25

     1

     2

     3

     4

     5

start retrieving
Elapsed time is 28.820936 seconds.
finished!
    30

     1

     2

     3

     4

     5

start retrieving
Elapsed time is 28.456974 seconds.
finished!
    35

     1

     2

     3

     4

     5

start retrieving
Elapsed time is 20.671607 seconds.
finished!
    40

     1

     2

     3

     4

     5

start retrieving
Elapsed time is 28.579563 seconds.
finished!
    45

     1

     2

     3

     4

     5

start retrieving
Elapsed time is 29.142132 seconds.
finished!
    50

     1

     2

     3

     4

     5

start retrieving
Elapsed time is 20.991181 seconds.
finished!
    55

     1

     2

     3

     4

     5

start retrieving
Elapsed time is 20.343093 seconds.
finished!
    60

     1

     2

     3

     4

     5

start retrieving
Elapsed time is 20.462117 seconds.
finished!
    65

     1

     2

     3

     4

     5

start retrieving
Elapsed time is 20.501706 seconds.
finished!
    70

     1

     2

     3

     4

     5

start retrieving
Elapsed time is 20.399858 seconds.
finished!
    75

     1

     2

     3

     4

     5

start retrieving
Elapsed time is 20.778601 seconds.
finished!
    80

     1

     2

     3

     4

     5

start retrieving
Elapsed time is 20.208220 seconds.
finished!
    85

     1

     2

     3

     4

     5

start retrieving
Elapsed time is 20.537162 seconds.
finished!
    90

     1

     2

     3

     4

     5

start retrieving
Elapsed time is 20.595932 seconds.
finished!
    95

     1

     2

     3

     4

     5

start retrieving
Elapsed time is 20.665109 seconds.
finished!
   100

     1

     2

     3

     4

     5

start retrieving
Elapsed time is 20.450036 seconds.
finished!
   105

     1

     2

     3

     4

     5

start retrieving
Elapsed time is 20.170271 seconds.
finished!
   110

     1

     2

     3

     4

     5

start retrieving
Elapsed time is 20.684697 seconds.
finished!
   115

     1

     2

     3

     4

     5

start retrieving
Elapsed time is 20.499416 seconds.
finished!
   120

     1

     2

     3

     4

     5

start retrieving
Elapsed time is 20.847519 seconds.
finished!
   125

     1

     2

     3

     4

     5

start retrieving
Elapsed time is 25.833267 seconds.
finished!
   130

     1

     2

     3

     4

     5

start retrieving
Elapsed time is 21.557734 seconds.
finished!
   135

     1

     2

     3

     4

     5

start retrieving
Elapsed time is 24.317297 seconds.
finished!
   140

     1

     2

     3

     4

     5

start retrieving
Elapsed time is 21.529555 seconds.
finished!
   145

     1

     2

     3

     4

     5

start retrieving
Elapsed time is 21.046618 seconds.
finished!
   150

     1

     2

     3

     4

     5

start retrieving
Elapsed time is 21.612704 seconds.
finished!
   155

     1

     2

     3

     4

     5

start retrieving
Elapsed time is 21.676351 seconds.
finished!
   160

     1

     2

     3

     4

     5

start retrieving
Elapsed time is 21.141008 seconds.
finished!
   165

     1

     2

     3

     4

     5

start retrieving
Elapsed time is 30.029162 seconds.
finished!
   170

     1

     2

     3

     4

     5

start retrieving
Elapsed time is 22.289678 seconds.
finished!
   175

     1

     2

     3

     4

     5

start retrieving
Elapsed time is 29.738563 seconds.
finished!
   180

     1

     2

     3

     4

     5

start retrieving
Elapsed time is 29.642445 seconds.
finished!
   185

     1

     2

     3

     4

     5

start retrieving
Elapsed time is 20.887597 seconds.
finished!
   190

     1

     2

     3

     4

     5

start retrieving
Elapsed time is 20.630178 seconds.
finished!
   195

     1

     2

     3

     4

     5

start retrieving
Elapsed time is 21.908248 seconds.
finished!
   200

     1

     2

     3

     4

     5

start retrieving
Elapsed time is 22.249409 seconds.
finished!
   205

     1

     2

     3

     4

     5

start retrieving
Elapsed time is 29.122114 seconds.
finished!
   210

     1

     2

     3

     4

     5

start retrieving
Elapsed time is 30.581617 seconds.
finished!
   215

     1

     2

     3

     4

     5

start retrieving
Elapsed time is 22.265595 seconds.
finished!
   220

     1

     2

     3

     4

     5

start retrieving
Elapsed time is 21.389753 seconds.
finished!
   225

     1

     2

     3

     4

     5

start retrieving
Elapsed time is 21.819138 seconds.
finished!
   230

     1

     2

     3

     4

     5

start retrieving
Elapsed time is 21.759424 seconds.
finished!
   235

     1

     2

     3

     4

     5

start retrieving
Elapsed time is 21.914674 seconds.
finished!
   240

     1

     2

     3

     4

     5

start retrieving
Elapsed time is 29.960459 seconds.
finished!
   245

     1

     2

     3

     4

     5

start retrieving
Elapsed time is 29.671831 seconds.
finished!
   250

     1

     2

     3

     4

     5

start retrieving
Elapsed time is 28.754377 seconds.
finished!
   255

     1

     2

     3

     4

     5

start retrieving
Elapsed time is 28.813988 seconds.
finished!
   260

     1

     2

     3

     4

     5

start retrieving
Elapsed time is 20.555388 seconds.
finished!
   265

     1

     2

     3

     4

     5

start retrieving
Elapsed time is 20.538163 seconds.
finished!
   270

     1

     2

     3

     4

     5

start retrieving
Elapsed time is 20.915677 seconds.
finished!
   275

     1

     2

     3

     4

     5

start retrieving
Elapsed time is 28.967440 seconds.
finished!
   280

     1

     2

     3

     4

     5

start retrieving
Elapsed time is 20.869999 seconds.
finished!
   285

     1

     2

     3

     4

     5

start retrieving
Elapsed time is 20.308585 seconds.
finished!
   290

     1

     2

     3

     4

     5

start retrieving
Elapsed time is 28.382317 seconds.
finished!
   295

     1

     2

     3

     4

     5

start retrieving
Elapsed time is 20.924413 seconds.
finished!
   300

     1

     2

     3

     4

     5

start retrieving
Elapsed time is 20.641813 seconds.
finished!
   305

     1

     2

     3

     4

     5

start retrieving
Elapsed time is 20.406875 seconds.
finished!
   310

     1

     2

     3

     4

     5

start retrieving
Elapsed time is 20.840931 seconds.
finished!
   315

     1

     2

     3

     4

     5

start retrieving
Elapsed time is 26.654073 seconds.
finished!
   320

     1

     2

     3

     4

     5

start retrieving
Elapsed time is 20.749035 seconds.
finished!
   325

     1

     2

     3

     4

     5

start retrieving
Elapsed time is 20.995019 seconds.
finished!
   330

     1

     2

     3

     4

     5

start retrieving
Elapsed time is 20.505768 seconds.
finished!
   335

     1

     2

     3

     4

     5

start retrieving
Elapsed time is 20.321415 seconds.
finished!
   340

     1

     2

     3

     4

     5

start retrieving
Elapsed time is 20.369249 seconds.
finished!
   345

     1

     2

     3

     4

     5

start retrieving
Elapsed time is 20.436815 seconds.
finished!
   350

     1

     2

     3

     4

     5

start retrieving
Elapsed time is 20.399032 seconds.
finished!
   355

     1

     2

     3

     4

     5

start retrieving
Elapsed time is 20.049835 seconds.
finished!
   360

     1

     2

     3

     4

     5

start retrieving
Elapsed time is 20.477629 seconds.
finished!
   365

     1

     2

     3

     4

     5

start retrieving
Elapsed time is 28.129666 seconds.
finished!
