7
MATLAB is selecting SOFTWARE OPENGL rendering.

                            < M A T L A B (R) >
                  Copyright 1984-2018 The MathWorks, Inc.
                   R2018a (9.4.0.813654) 64-bit (glnxa64)
                             February 23, 2018

 
To get started, type one of these: helpwin, helpdesk, or demo.
For product information, visit www.mathworks.com.
 
     7

     5

     1

     2

     3

     4

     5

start retrieving
Elapsed time is 810.985408 seconds.
finished!
    10

     1

     2

     3

     4

     5

start retrieving
Elapsed time is 404.342002 seconds.
finished!
    15

     1

     2

     3

     4

     5

start retrieving
Elapsed time is 331.771607 seconds.
finished!
    20

     1

     2

     3

     4

     5

start retrieving
Elapsed time is 208.628140 seconds.
finished!
    25

     1

     2

     3

     4

     5

start retrieving
Elapsed time is 354.226448 seconds.
finished!
    30

     1

     2

     3

     4

     5

start retrieving
Elapsed time is 467.925678 seconds.
finished!
    35

     1

     2

     3

     4

     5

start retrieving
Elapsed time is 622.452077 seconds.
finished!
    40

     1

     2

     3

     4

     5

start retrieving
Elapsed time is 500.245802 seconds.
finished!
    45

     1

     2

     3

     4

     5

start retrieving
Elapsed time is 683.357899 seconds.
finished!
    50

     1

     2

     3

     4

     5

start retrieving
Elapsed time is 593.801236 seconds.
finished!
    55

     1

     2

     3

     4

     5

start retrieving
Elapsed time is 521.398789 seconds.
finished!
    60

     1

     2

     3

     4

     5

start retrieving
Elapsed time is 415.180379 seconds.
finished!
    65

     1

     2

     3

     4

     5

start retrieving
Elapsed time is 537.650762 seconds.
finished!
    70

     1

     2

     3

     4

     5

start retrieving
Elapsed time is 256.366463 seconds.
finished!
    75

     1

     2

     3

     4

     5

start retrieving
Elapsed time is 315.499717 seconds.
finished!
    80

     1

     2

     3

     4

     5

start retrieving
Elapsed time is 229.549133 seconds.
finished!
    85

     1

     2

     3

     4

     5

start retrieving
Elapsed time is 623.816025 seconds.
finished!
    90

     1

     2

     3

     4

     5

start retrieving
Elapsed time is 567.943739 seconds.
finished!
    95

     1

     2

     3

     4

     5

start retrieving
Elapsed time is 779.747788 seconds.
finished!
   100

     1

     2

     3

     4

     5

start retrieving
Elapsed time is 283.395826 seconds.
finished!
   105

     1

     2

     3

     4

     5

start retrieving
Elapsed time is 523.219484 seconds.
finished!
   110

     1

     2

     3

     4

     5

start retrieving
Elapsed time is 849.041017 seconds.
finished!
   115

     1

     2

     3

     4

     5

start retrieving
Elapsed time is 969.392541 seconds.
finished!
   120

     1

     2

     3

     4

     5

start retrieving
Elapsed time is 1471.626828 seconds.
finished!
   125

     1

     2

     3

     4

     5

start retrieving
Elapsed time is 1343.204218 seconds.
finished!
   130

     1

     2

     3

     4

     5

start retrieving
Elapsed time is 1692.177371 seconds.
finished!
   135

     1

     2

     3

     4

     5

start retrieving
Elapsed time is 2051.320885 seconds.
finished!
   140

     1

     2

     3

     4

     5

start retrieving
Elapsed time is 1874.480749 seconds.
finished!
   145

     1

     2

     3

     4

     5

start retrieving
Elapsed time is 2216.912803 seconds.
finished!
   150

     1

     2

     3

     4

     5

start retrieving
Elapsed time is 2111.027708 seconds.
finished!
   155

     1

     2

     3

     4

     5

start retrieving
Elapsed time is 2289.862172 seconds.
finished!
   160

     1

     2

     3

     4

     5

start retrieving
Elapsed time is 2634.760864 seconds.
finished!
   165

     1

     2

     3

     4

     5

start retrieving
Elapsed time is 3292.309387 seconds.
finished!
   170

     1

     2

     3

     4

     5

start retrieving
Elapsed time is 3233.845082 seconds.
finished!
   175

     1

     2

     3

     4

     5

start retrieving
Elapsed time is 2663.226247 seconds.
finished!
   180

     1

     2

     3

     4

     5

start retrieving
Elapsed time is 2244.332850 seconds.
finished!
   185

     1

     2

     3

     4

     5

start retrieving
Elapsed time is 1802.230144 seconds.
finished!
   190

     1

     2

     3

     4

     5

start retrieving
Elapsed time is 1887.738278 seconds.
finished!
   195

     1

     2

     3

     4

     5

start retrieving
Elapsed time is 3130.948204 seconds.
finished!
   200

     1

     2

     3

     4

     5

start retrieving
Elapsed time is 2945.912550 seconds.
finished!
   205

     1

     2

     3

     4

     5

start retrieving
Elapsed time is 2238.200605 seconds.
finished!
   210

     1

     2

     3

     4

     5

start retrieving
Elapsed time is 2753.365485 seconds.
finished!
   215

     1

     2

     3

     4

     5

start retrieving
Elapsed time is 3667.999096 seconds.
finished!
   220

     1

     2

     3

     4

     5

start retrieving
Elapsed time is 3240.043453 seconds.
finished!
   225

     1

     2

     3

     4

     5

start retrieving
Elapsed time is 3160.978054 seconds.
finished!
   230

     1

     2

     3

     4

     5

start retrieving
Elapsed time is 2480.220376 seconds.
finished!
   235

     1

     2

     3

     4

     5

start retrieving
Elapsed time is 2769.575535 seconds.
finished!
   240

     1

     2

     3

     4

     5

start retrieving
Elapsed time is 3336.769869 seconds.
finished!
   245

     1

     2

     3

     4

     5

start retrieving
Elapsed time is 2736.566538 seconds.
finished!
   250

     1

     2

     3

     4

     5

start retrieving
Elapsed time is 1807.275247 seconds.
finished!
   255

     1

     2

     3

     4

     5

start retrieving
Elapsed time is 1895.911263 seconds.
finished!
   260

     1

     2

     3

     4

     5

start retrieving
Elapsed time is 1621.777267 seconds.
finished!
   265

     1

     2

     3

     4

     5

start retrieving
Elapsed time is 1213.983190 seconds.
finished!
   270

     1

     2

     3

     4

     5

start retrieving
Elapsed time is 2004.413656 seconds.
finished!
   275

     1

     2

     3

     4

     5

start retrieving
Elapsed time is 1534.606860 seconds.
finished!
   280

     1

     2

     3

     4

     5

start retrieving
Elapsed time is 1465.481261 seconds.
finished!
   285

     1

     2

     3

     4

     5

start retrieving
Elapsed time is 961.845888 seconds.
finished!
   290

     1

     2

     3

     4

     5

start retrieving
Elapsed time is 907.473857 seconds.
finished!
   295

     1

     2

     3

     4

     5

start retrieving
Elapsed time is 1001.462012 seconds.
finished!
   300

     1

     2

     3

     4

     5

start retrieving
Elapsed time is 1223.175530 seconds.
finished!
   305

     1

     2

     3

     4

     5

start retrieving
Elapsed time is 985.850070 seconds.
finished!
   310

     1

     2

     3

     4

     5

start retrieving
Elapsed time is 619.275370 seconds.
finished!
   315

     1

     2

     3

     4

     5

start retrieving
Elapsed time is 570.491777 seconds.
finished!
   320

     1

     2

     3

     4

     5

start retrieving
Elapsed time is 783.628230 seconds.
finished!
   325

     1

     2

     3

     4

     5

start retrieving
Elapsed time is 705.872673 seconds.
finished!
   330

     1

     2

     3

     4

     5

start retrieving
Elapsed time is 439.729102 seconds.
finished!
   335

     1

     2

     3

     4

     5

start retrieving
Elapsed time is 974.852523 seconds.
finished!
   340

     1

     2

     3

     4

     5

start retrieving
Elapsed time is 754.155918 seconds.
finished!
   345

     1

     2

     3

     4

     5

start retrieving
Elapsed time is 519.575778 seconds.
finished!
   350

     1

     2

     3

     4

     5

start retrieving
Elapsed time is 496.492376 seconds.
finished!
   355

     1

     2

     3

     4

     5

start retrieving
Elapsed time is 290.419818 seconds.
finished!
   360

     1

     2

     3

     4

     5

start retrieving
Elapsed time is 825.877659 seconds.
finished!
   365

     1

     2

     3

     4

     5

start retrieving
Elapsed time is 737.950122 seconds.
finished!
Your MATLAB session has timed out.  All license keys have been returned.
