3
MATLAB is selecting SOFTWARE OPENGL rendering.

                            < M A T L A B (R) >
                  Copyright 1984-2018 The MathWorks, Inc.
                   R2018a (9.4.0.813654) 64-bit (glnxa64)
                             February 23, 2018

 
To get started, type one of these: helpwin, helpdesk, or demo.
For product information, visit www.mathworks.com.
 
     3

     5

     1

     2

     3

     4

     5

start retrieving
Elapsed time is 3737.185591 seconds.
finished!
    10

     1

     2

     3

     4

     5

start retrieving
Elapsed time is 2369.112979 seconds.
finished!
    15

     1

     2

     3

     4

     5

start retrieving
Elapsed time is 2974.680365 seconds.
finished!
    20

     1

     2

     3

     4

     5

start retrieving
Elapsed time is 3329.712716 seconds.
finished!
    25

     1

     2

     3

     4

     5

start retrieving
Elapsed time is 2827.528248 seconds.
finished!
    30

     1

     2

     3

     4

     5

start retrieving
Elapsed time is 2423.369068 seconds.
finished!
    35

     1

     2

     3

     4

     5

start retrieving
Elapsed time is 5488.690146 seconds.
finished!
    40

     1

     2

     3

     4

     5

start retrieving
Elapsed time is 3520.853455 seconds.
finished!
    45

     1

     2

     3

     4

     5

start retrieving
Elapsed time is 4251.074971 seconds.
finished!
    50

     1

     2

     3

     4

     5

start retrieving
Elapsed time is 4793.294452 seconds.
finished!
    55

     1

     2

     3

     4

     5

start retrieving
Elapsed time is 4675.746654 seconds.
finished!
    60

     1

     2

     3

     4

     5

start retrieving
Elapsed time is 3375.649235 seconds.
finished!
    65

     1

     2

     3

     4

     5

start retrieving
Elapsed time is 4417.830796 seconds.
finished!
    70

     1

     2

     3

     4

     5

start retrieving
Elapsed time is 2824.506400 seconds.
finished!
    75

     1

     2

     3

     4

     5

start retrieving
Elapsed time is 2612.338211 seconds.
finished!
    80

     1

     2

     3

     4

     5

start retrieving
Elapsed time is 2178.212392 seconds.
finished!
    85

     1

     2

     3

     4

     5

start retrieving
Elapsed time is 4417.272983 seconds.
finished!
    90

     1

     2

     3

     4

     5

start retrieving
Elapsed time is 3134.427164 seconds.
finished!
    95

     1

     2

     3

     4

     5

start retrieving
Elapsed time is 4653.709276 seconds.
finished!
   100

     1

     2

     3

     4

     5

start retrieving
Elapsed time is 2372.004169 seconds.
finished!
   105

     1

     2

     3

     4

     5

start retrieving
Elapsed time is 2710.170658 seconds.
finished!
   110

     1

     2

     3

     4

     5

start retrieving
Elapsed time is 6240.680722 seconds.
finished!
   115

     1

     2

     3

     4

     5

start retrieving
Elapsed time is 6056.494020 seconds.
finished!
   120

     1

     2

     3

     4

     5

start retrieving
Elapsed time is 7880.347709 seconds.
finished!
   125

     1

     2

     3

     4

     5

start retrieving
Elapsed time is 8472.621391 seconds.
finished!
   130

     1

     2

     3

     4

     5

start retrieving
Elapsed time is 8242.116720 seconds.
finished!
   135

     1

     2

     3

     4

     5

start retrieving
Elapsed time is 14694.446898 seconds.
finished!
   140

     1

     2

     3

     4

     5

start retrieving
Elapsed time is 22451.139517 seconds.
finished!
   145

     1

     2

     3

     4

     5

start retrieving
Elapsed time is 42485.401817 seconds.
finished!
   150

     1

     2

     3

     4

     5

start retrieving
Elapsed time is 57668.754849 seconds.
finished!
   155

     1

     2

     3

     4

     5

start retrieving
slurmstepd: *** JOB 6630842 CANCELLED AT 2018-11-19T19:03:16 DUE TO TIME LIMIT on node067 ***
