1
MATLAB is selecting SOFTWARE OPENGL rendering.

                            < M A T L A B (R) >
                  Copyright 1984-2018 The MathWorks, Inc.
                   R2018a (9.4.0.813654) 64-bit (glnxa64)
                             February 23, 2018

 
To get started, type one of these: helpwin, helpdesk, or demo.
For product information, visit www.mathworks.com.
 
     1

     5

     1

     2

     3

     4

     5

start retrieving
Elapsed time is 114.370964 seconds.
finished!
    10

     1

     2

     3

     4

     5

start retrieving
Elapsed time is 98.122666 seconds.
finished!
    15

     1

     2

     3

     4

     5

start retrieving
Elapsed time is 178.634938 seconds.
finished!
    20

     1

     2

     3

     4

     5

start retrieving
Elapsed time is 232.135292 seconds.
finished!
    25

     1

     2

     3

     4

     5

start retrieving
Elapsed time is 131.623840 seconds.
finished!
    30

     1

     2

     3

     4

     5

start retrieving
Elapsed time is 75.577164 seconds.
finished!
    35

     1

     2

     3

     4

     5

start retrieving
Elapsed time is 234.944934 seconds.
finished!
    40

     1

     2

     3

     4

     5

start retrieving
Elapsed time is 155.385181 seconds.
finished!
    45

     1

     2

     3

     4

     5

start retrieving
Elapsed time is 327.636938 seconds.
finished!
    50

     1

     2

     3

     4

     5

start retrieving
Elapsed time is 305.325115 seconds.
finished!
    55

     1

     2

     3

     4

     5

start retrieving
Elapsed time is 197.384904 seconds.
finished!
    60

     1

     2

     3

     4

     5

start retrieving
Elapsed time is 195.369997 seconds.
finished!
    65

     1

     2

     3

     4

     5

start retrieving
Elapsed time is 153.602895 seconds.
finished!
    70

     1

     2

     3

     4

     5

start retrieving
Elapsed time is 73.895581 seconds.
finished!
    75

     1

     2

     3

     4

     5

start retrieving
Elapsed time is 289.207845 seconds.
finished!
    80

     1

     2

     3

     4

     5

start retrieving
Elapsed time is 150.835330 seconds.
finished!
    85

     1

     2

     3

     4

     5

start retrieving
Elapsed time is 289.402318 seconds.
finished!
    90

     1

     2

     3

     4

     5

start retrieving
Elapsed time is 244.334538 seconds.
finished!
    95

     1

     2

     3

     4

     5

start retrieving
Elapsed time is 368.951669 seconds.
finished!
   100

     1

     2

     3

     4

     5

start retrieving
Elapsed time is 136.963835 seconds.
finished!
   105

     1

     2

     3

     4

     5

start retrieving
Elapsed time is 171.199309 seconds.
finished!
   110

     1

     2

     3

     4

     5

start retrieving
Elapsed time is 345.926260 seconds.
finished!
   115

     1

     2

     3

     4

     5

start retrieving
Elapsed time is 228.641318 seconds.
finished!
   120

     1

     2

     3

     4

     5

start retrieving
Elapsed time is 252.358804 seconds.
finished!
   125

     1

     2

     3

     4

     5

start retrieving
Elapsed time is 431.007459 seconds.
finished!
   130

     1

     2

     3

     4

     5

start retrieving
Elapsed time is 246.361321 seconds.
finished!
   135

     1

     2

     3

     4

     5

start retrieving
Elapsed time is 312.247319 seconds.
finished!
   140

     1

     2

     3

     4

     5

start retrieving
Elapsed time is 251.851270 seconds.
finished!
   145

     1

     2

     3

     4

     5

start retrieving
Elapsed time is 348.438331 seconds.
finished!
   150

     1

     2

     3

     4

     5

start retrieving
Elapsed time is 411.407639 seconds.
finished!
   155

     1

     2

     3

     4

     5

start retrieving
Elapsed time is 385.503440 seconds.
finished!
   160

     1

     2

     3

     4

     5

start retrieving
Elapsed time is 443.787357 seconds.
finished!
   165

     1

     2

     3

     4

     5

start retrieving
Elapsed time is 270.364111 seconds.
finished!
   170

     1

     2

     3

     4

     5

start retrieving
Elapsed time is 592.688233 seconds.
finished!
   175

     1

     2

     3

     4

     5

start retrieving
Elapsed time is 387.228523 seconds.
finished!
   180

     1

     2

     3

     4

     5

start retrieving
Elapsed time is 254.595756 seconds.
finished!
   185

     1

     2

     3

     4

     5

start retrieving
Elapsed time is 196.267785 seconds.
finished!
   190

     1

     2

     3

     4

     5

start retrieving
Elapsed time is 293.765052 seconds.
finished!
   195

     1

     2

     3

     4

     5

start retrieving
Elapsed time is 541.249927 seconds.
finished!
   200

     1

     2

     3

     4

     5

start retrieving
Elapsed time is 500.361935 seconds.
finished!
   205

     1

     2

     3

     4

     5

start retrieving
Elapsed time is 268.881686 seconds.
finished!
   210

     1

     2

     3

     4

     5

start retrieving
Elapsed time is 321.636800 seconds.
finished!
   215

     1

     2

     3

     4

     5

start retrieving
Elapsed time is 264.226716 seconds.
finished!
   220

     1

     2

     3

     4

     5

start retrieving
Elapsed time is 278.233287 seconds.
finished!
   225

     1

     2

     3

     4

     5

start retrieving
Elapsed time is 243.557776 seconds.
finished!
   230

     1

     2

     3

     4

     5

start retrieving
Elapsed time is 327.702638 seconds.
finished!
   235

     1

     2

     3

     4

     5

start retrieving
Elapsed time is 152.976314 seconds.
finished!
   240

     1

     2

     3

     4

     5

start retrieving
Elapsed time is 272.412630 seconds.
finished!
   245

     1

     2

     3

     4

     5

start retrieving
Elapsed time is 225.466376 seconds.
finished!
   250

     1

     2

     3

     4

     5

start retrieving
Elapsed time is 186.314056 seconds.
finished!
   255

     1

     2

     3

     4

     5

start retrieving
Elapsed time is 285.098418 seconds.
finished!
   260

     1

     2

     3

     4

     5

start retrieving
Elapsed time is 249.862375 seconds.
finished!
   265

     1

     2

     3

     4

     5

start retrieving
Elapsed time is 171.171962 seconds.
finished!
   270

     1

     2

     3

     4

     5

start retrieving
Elapsed time is 209.465511 seconds.
finished!
   275

     1

     2

     3

     4

     5

start retrieving
Elapsed time is 118.430754 seconds.
finished!
   280

     1

     2

     3

     4

     5

start retrieving
Elapsed time is 258.306462 seconds.
finished!
   285

     1

     2

     3

     4

     5

start retrieving
Elapsed time is 116.624400 seconds.
finished!
   290

     1

     2

     3

     4

     5

start retrieving
Elapsed time is 235.447467 seconds.
finished!
   295

     1

     2

     3

     4

     5

start retrieving
Elapsed time is 350.931602 seconds.
finished!
   300

     1

     2

     3

     4

     5

start retrieving
Elapsed time is 181.257988 seconds.
finished!
   305

     1

     2

     3

     4

     5

start retrieving
Elapsed time is 176.358688 seconds.
finished!
   310

     1

     2

     3

     4

     5

start retrieving
Elapsed time is 213.628970 seconds.
finished!
   315

     1

     2

     3

     4

     5

start retrieving
Elapsed time is 217.554198 seconds.
finished!
   320

     1

     2

     3

     4

     5

start retrieving
Elapsed time is 188.733881 seconds.
finished!
   325

     1

     2

     3

     4

     5

start retrieving
Elapsed time is 257.820840 seconds.
finished!
   330

     1

     2

     3

     4

     5

start retrieving
Elapsed time is 229.354149 seconds.
finished!
   335

     1

     2

     3

     4

     5

start retrieving
Elapsed time is 249.167429 seconds.
finished!
   340

     1

     2

     3

     4

     5

start retrieving
Elapsed time is 152.498800 seconds.
finished!
   345

     1

     2

     3

     4

     5

start retrieving
Elapsed time is 269.513313 seconds.
finished!
   350

     1

     2

     3

     4

     5

start retrieving
Elapsed time is 293.855383 seconds.
finished!
   355

     1

     2

     3

     4

     5

start retrieving
Elapsed time is 111.098309 seconds.
finished!
   360

     1

     2

     3

     4

     5

start retrieving
Elapsed time is 177.486017 seconds.
finished!
   365

     1

     2

     3

     4

     5

start retrieving
Elapsed time is 105.327083 seconds.
finished!
Your MATLAB session has timed out.  All license keys have been returned.
