8
MATLAB is selecting SOFTWARE OPENGL rendering.

                            < M A T L A B (R) >
                  Copyright 1984-2018 The MathWorks, Inc.
                   R2018a (9.4.0.813654) 64-bit (glnxa64)
                             February 23, 2018

 
To get started, type one of these: helpwin, helpdesk, or demo.
For product information, visit www.mathworks.com.
 
     8

     5

     1

     2

     3

     4

     5

start retrieving
Elapsed time is 1298.652358 seconds.
finished!
    10

     1

     2

     3

     4

     5

start retrieving
Elapsed time is 562.045228 seconds.
finished!
    15

     1

     2

     3

     4

     5

start retrieving
Elapsed time is 592.219885 seconds.
finished!
    20

     1

     2

     3

     4

     5

start retrieving
Elapsed time is 521.626747 seconds.
finished!
    25

     1

     2

     3

     4

     5

start retrieving
Elapsed time is 438.480127 seconds.
finished!
    30

     1

     2

     3

     4

     5

start retrieving
Elapsed time is 275.936418 seconds.
finished!
    35

     1

     2

     3

     4

     5

start retrieving
Elapsed time is 727.387072 seconds.
finished!
    40

     1

     2

     3

     4

     5

start retrieving
Elapsed time is 1144.195042 seconds.
finished!
    45

     1

     2

     3

     4

     5

start retrieving
Elapsed time is 1978.002819 seconds.
finished!
    50

     1

     2

     3

     4

     5

start retrieving
Elapsed time is 1341.806642 seconds.
finished!
    55

     1

     2

     3

     4

     5

start retrieving
Elapsed time is 797.726640 seconds.
finished!
    60

     1

     2

     3

     4

     5

start retrieving
Elapsed time is 1032.917901 seconds.
finished!
    65

     1

     2

     3

     4

     5

start retrieving
Elapsed time is 979.453870 seconds.
finished!
    70

     1

     2

     3

     4

     5

start retrieving
Elapsed time is 363.221115 seconds.
finished!
    75

     1

     2

     3

     4

     5

start retrieving
Elapsed time is 511.663925 seconds.
finished!
    80

     1

     2

     3

     4

     5

start retrieving
Elapsed time is 324.193327 seconds.
finished!
    85

     1

     2

     3

     4

     5

start retrieving
Elapsed time is 991.488766 seconds.
finished!
    90

     1

     2

     3

     4

     5

start retrieving
Elapsed time is 999.728443 seconds.
finished!
    95

     1

     2

     3

     4

     5

start retrieving
Elapsed time is 1500.552692 seconds.
finished!
   100

     1

     2

     3

     4

     5

start retrieving
Elapsed time is 530.326745 seconds.
finished!
   105

     1

     2

     3

     4

     5

start retrieving
Elapsed time is 533.500851 seconds.
finished!
   110

     1

     2

     3

     4

     5

start retrieving
Elapsed time is 1157.060418 seconds.
finished!
   115

     1

     2

     3

     4

     5

start retrieving
Elapsed time is 1080.911042 seconds.
finished!
   120

     1

     2

     3

     4

     5

start retrieving
Elapsed time is 1181.577323 seconds.
finished!
   125

     1

     2

     3

     4

     5

start retrieving
Elapsed time is 1006.711044 seconds.
finished!
   130

     1

     2

     3

     4

     5

start retrieving
Elapsed time is 623.106303 seconds.
finished!
   135

     1

     2

     3

     4

     5

start retrieving
Elapsed time is 1644.424762 seconds.
finished!
   140

     1

     2

     3

     4

     5

start retrieving
Elapsed time is 1563.355773 seconds.
finished!
   145

     1

     2

     3

     4

     5

start retrieving
Elapsed time is 1103.197748 seconds.
finished!
   150

     1

     2

     3

     4

     5

start retrieving
Elapsed time is 1171.802726 seconds.
finished!
   155

     1

     2

     3

     4

     5

start retrieving
Elapsed time is 955.388455 seconds.
finished!
   160

     1

     2

     3

     4

     5

start retrieving
Elapsed time is 876.163484 seconds.
finished!
   165

     1

     2

     3

     4

     5

start retrieving
Elapsed time is 1457.389770 seconds.
finished!
   170

     1

     2

     3

     4

     5

start retrieving
Elapsed time is 935.354619 seconds.
finished!
   175

     1

     2

     3

     4

     5

start retrieving
Elapsed time is 1463.294069 seconds.
finished!
   180

     1

     2

     3

     4

     5

start retrieving
Elapsed time is 1344.180007 seconds.
finished!
   185

     1

     2

     3

     4

     5

start retrieving
Elapsed time is 1238.430086 seconds.
finished!
   190

     1

     2

     3

     4

     5

start retrieving
Elapsed time is 1011.269856 seconds.
finished!
   195

     1

     2

     3

     4

     5

start retrieving
Elapsed time is 1403.106815 seconds.
finished!
   200

     1

     2

     3

     4

     5

start retrieving
Elapsed time is 2273.366813 seconds.
finished!
   205

     1

     2

     3

     4

     5

start retrieving
Elapsed time is 1403.342372 seconds.
finished!
   210

     1

     2

     3

     4

     5

start retrieving
Elapsed time is 2315.830151 seconds.
finished!
   215

     1

     2

     3

     4

     5

start retrieving
Elapsed time is 3005.389400 seconds.
finished!
   220

     1

     2

     3

     4

     5

start retrieving
Elapsed time is 2746.836245 seconds.
finished!
   225

     1

     2

     3

     4

     5

start retrieving
Elapsed time is 2572.668845 seconds.
finished!
   230

     1

     2

     3

     4

     5

start retrieving
Elapsed time is 2674.489114 seconds.
finished!
   235

     1

     2

     3

     4

     5

start retrieving
Elapsed time is 1863.950929 seconds.
finished!
   240

     1

     2

     3

     4

     5

start retrieving
Elapsed time is 2249.541237 seconds.
finished!
   245

     1

     2

     3

     4

     5

start retrieving
Elapsed time is 1192.547442 seconds.
finished!
   250

     1

     2

     3

     4

     5

start retrieving
Elapsed time is 1248.079707 seconds.
finished!
   255

     1

     2

     3

     4

     5

start retrieving
Elapsed time is 1238.760336 seconds.
finished!
   260

     1

     2

     3

     4

     5

start retrieving
Elapsed time is 791.908890 seconds.
finished!
   265

     1

     2

     3

     4

     5

start retrieving
Elapsed time is 1065.267762 seconds.
finished!
   270

     1

     2

     3

     4

     5

start retrieving
Elapsed time is 1732.921295 seconds.
finished!
   275

     1

     2

     3

     4

     5

start retrieving
Elapsed time is 1292.587854 seconds.
finished!
   280

     1

     2

     3

     4

     5

start retrieving
Elapsed time is 2090.179837 seconds.
finished!
   285

     1

     2

     3

     4

     5

start retrieving
Elapsed time is 1568.167793 seconds.
finished!
   290

     1

     2

     3

     4

     5

start retrieving
Elapsed time is 947.418934 seconds.
finished!
   295

     1

     2

     3

     4

     5

start retrieving
Elapsed time is 1276.852655 seconds.
finished!
   300

     1

     2

     3

     4

     5

start retrieving
Elapsed time is 1910.981762 seconds.
finished!
   305

     1

     2

     3

     4

     5

start retrieving
Elapsed time is 925.572170 seconds.
finished!
   310

     1

     2

     3

     4

     5

start retrieving
Elapsed time is 1711.067281 seconds.
finished!
   315

     1

     2

     3

     4

     5

start retrieving
Elapsed time is 1499.906482 seconds.
finished!
   320

     1

     2

     3

     4

     5

start retrieving
Elapsed time is 1843.975166 seconds.
finished!
   325

     1

     2

     3

     4

     5

start retrieving
Elapsed time is 1480.868007 seconds.
finished!
   330

     1

     2

     3

     4

     5

start retrieving
Elapsed time is 1073.956889 seconds.
finished!
   335

     1

     2

     3

     4

     5

start retrieving
Elapsed time is 1241.639068 seconds.
finished!
   340

     1

     2

     3

     4

     5

start retrieving
Elapsed time is 870.984496 seconds.
finished!
   345

     1

     2

     3

     4

     5

start retrieving
Elapsed time is 1214.505013 seconds.
finished!
   350

     1

     2

     3

     4

     5

start retrieving
Elapsed time is 1087.984434 seconds.
finished!
   355

     1

     2

     3

     4

     5

start retrieving
Elapsed time is 554.113115 seconds.
finished!
   360

     1

     2

     3

     4

     5

start retrieving
Elapsed time is 561.636424 seconds.
finished!
   365

     1

     2

     3

     4

     5

start retrieving
Elapsed time is 866.681072 seconds.
finished!
Your MATLAB session has timed out.  All license keys have been returned.
