4
MATLAB is selecting SOFTWARE OPENGL rendering.

                            < M A T L A B (R) >
                  Copyright 1984-2018 The MathWorks, Inc.
                   R2018a (9.4.0.813654) 64-bit (glnxa64)
                             February 23, 2018

 
To get started, type one of these: helpwin, helpdesk, or demo.
For product information, visit www.mathworks.com.
 
     4

     5

     1

     2

     3

     4

     5

start retrieving
Elapsed time is 207.549282 seconds.
finished!
    10

     1

     2

     3

     4

     5

start retrieving
Elapsed time is 67.065716 seconds.
finished!
    15

     1

     2

     3

     4

     5

start retrieving
Elapsed time is 82.516035 seconds.
finished!
    20

     1

     2

     3

     4

     5

start retrieving
Elapsed time is 165.710679 seconds.
finished!
    25

     1

     2

     3

     4

     5

start retrieving
Elapsed time is 102.936561 seconds.
finished!
    30

     1

     2

     3

     4

     5

start retrieving
Elapsed time is 54.383204 seconds.
finished!
    35

     1

     2

     3

     4

     5

start retrieving
Elapsed time is 192.036140 seconds.
finished!
    40

     1

     2

     3

     4

     5

start retrieving
Elapsed time is 309.784909 seconds.
finished!
    45

     1

     2

     3

     4

     5

start retrieving
Elapsed time is 312.220206 seconds.
finished!
    50

     1

     2

     3

     4

     5

start retrieving
Elapsed time is 271.441554 seconds.
finished!
    55

     1

     2

     3

     4

     5

start retrieving
Elapsed time is 127.639294 seconds.
finished!
    60

     1

     2

     3

     4

     5

start retrieving
Elapsed time is 210.593692 seconds.
finished!
    65

     1

     2

     3

     4

     5

start retrieving
Elapsed time is 231.573952 seconds.
finished!
    70

     1

     2

     3

     4

     5

start retrieving
Elapsed time is 110.566149 seconds.
finished!
    75

     1

     2

     3

     4

     5

start retrieving
Elapsed time is 104.773952 seconds.
finished!
    80

     1

     2

     3

     4

     5

start retrieving
Elapsed time is 89.237241 seconds.
finished!
    85

     1

     2

     3

     4

     5

start retrieving
Elapsed time is 118.614911 seconds.
finished!
    90

     1

     2

     3

     4

     5

start retrieving
Elapsed time is 165.192742 seconds.
finished!
    95

     1

     2

     3

     4

     5

start retrieving
Elapsed time is 134.450619 seconds.
finished!
   100

     1

     2

     3

     4

     5

start retrieving
Elapsed time is 84.525340 seconds.
finished!
   105

     1

     2

     3

     4

     5

start retrieving
Elapsed time is 113.654212 seconds.
finished!
   110

     1

     2

     3

     4

     5

start retrieving
Elapsed time is 293.037477 seconds.
finished!
   115

     1

     2

     3

     4

     5

start retrieving
Elapsed time is 146.687953 seconds.
finished!
   120

     1

     2

     3

     4

     5

start retrieving
Elapsed time is 233.820327 seconds.
finished!
   125

     1

     2

     3

     4

     5

start retrieving
Elapsed time is 314.274159 seconds.
finished!
   130

     1

     2

     3

     4

     5

start retrieving
Elapsed time is 320.568455 seconds.
finished!
   135

     1

     2

     3

     4

     5

start retrieving
Elapsed time is 457.307862 seconds.
finished!
   140

     1

     2

     3

     4

     5

start retrieving
Elapsed time is 508.516071 seconds.
finished!
   145

     1

     2

     3

     4

     5

start retrieving
Elapsed time is 214.746211 seconds.
finished!
   150

     1

     2

     3

     4

     5

start retrieving
Elapsed time is 184.986611 seconds.
finished!
   155

     1

     2

     3

     4

     5

start retrieving
Elapsed time is 218.525213 seconds.
finished!
   160

     1

     2

     3

     4

     5

start retrieving
Elapsed time is 210.954396 seconds.
finished!
   165

     1

     2

     3

     4

     5

start retrieving
Elapsed time is 90.831724 seconds.
finished!
   170

     1

     2

     3

     4

     5

start retrieving
Elapsed time is 364.983455 seconds.
finished!
   175

     1

     2

     3

     4

     5

start retrieving
Elapsed time is 129.576926 seconds.
finished!
   180

     1

     2

     3

     4

     5

start retrieving
Elapsed time is 132.633038 seconds.
finished!
   185

     1

     2

     3

     4

     5

start retrieving
Elapsed time is 125.790876 seconds.
finished!
   190

     1

     2

     3

     4

     5

start retrieving
Elapsed time is 122.415849 seconds.
finished!
   195

     1

     2

     3

     4

     5

start retrieving
Elapsed time is 99.413105 seconds.
finished!
   200

     1

     2

     3

     4

     5

start retrieving
Elapsed time is 130.794239 seconds.
finished!
   205

     1

     2

     3

     4

     5

start retrieving
Elapsed time is 202.208251 seconds.
finished!
   210

     1

     2

     3

     4

     5

start retrieving
Elapsed time is 334.798270 seconds.
finished!
   215

     1

     2

     3

     4

     5

start retrieving
Elapsed time is 267.585164 seconds.
finished!
   220

     1

     2

     3

     4

     5

start retrieving
Elapsed time is 85.594543 seconds.
finished!
   225

     1

     2

     3

     4

     5

start retrieving
Elapsed time is 149.086381 seconds.
finished!
   230

     1

     2

     3

     4

     5

start retrieving
Elapsed time is 139.950609 seconds.
finished!
   235

     1

     2

     3

     4

     5

start retrieving
Elapsed time is 147.121241 seconds.
finished!
   240

     1

     2

     3

     4

     5

start retrieving
Elapsed time is 274.282304 seconds.
finished!
   245

     1

     2

     3

     4

     5

start retrieving
Elapsed time is 356.547861 seconds.
finished!
   250

     1

     2

     3

     4

     5

start retrieving
Elapsed time is 140.789208 seconds.
finished!
   255

     1

     2

     3

     4

     5

start retrieving
Elapsed time is 119.804219 seconds.
finished!
   260

     1

     2

     3

     4

     5

start retrieving
Elapsed time is 69.757705 seconds.
finished!
   265

     1

     2

     3

     4

     5

start retrieving
Elapsed time is 148.924669 seconds.
finished!
   270

     1

     2

     3

     4

     5

start retrieving
Elapsed time is 125.599874 seconds.
finished!
   275

     1

     2

     3

     4

     5

start retrieving
Elapsed time is 155.347725 seconds.
finished!
   280

     1

     2

     3

     4

     5

start retrieving
Elapsed time is 191.064293 seconds.
finished!
   285

     1

     2

     3

     4

     5

start retrieving
Elapsed time is 103.250283 seconds.
finished!
   290

     1

     2

     3

     4

     5

start retrieving
Elapsed time is 81.444936 seconds.
finished!
   295

     1

     2

     3

     4

     5

start retrieving
Elapsed time is 106.321671 seconds.
finished!
   300

     1

     2

     3

     4

     5

start retrieving
Elapsed time is 82.879471 seconds.
finished!
   305

     1

     2

     3

     4

     5

start retrieving
Elapsed time is 71.905505 seconds.
finished!
   310

     1

     2

     3

     4

     5

start retrieving
Elapsed time is 199.127487 seconds.
finished!
   315

     1

     2

     3

     4

     5

start retrieving
Elapsed time is 56.455179 seconds.
finished!
   320

     1

     2

     3

     4

     5

start retrieving
Elapsed time is 194.527543 seconds.
finished!
   325

     1

     2

     3

     4

     5

start retrieving
Elapsed time is 228.297867 seconds.
finished!
   330

     1

     2

     3

     4

     5

start retrieving
Elapsed time is 188.509458 seconds.
finished!
   335

     1

     2

     3

     4

     5

start retrieving
Elapsed time is 228.434571 seconds.
finished!
   340

     1

     2

     3

     4

     5

start retrieving
Elapsed time is 136.868991 seconds.
finished!
   345

     1

     2

     3

     4

     5

start retrieving
Elapsed time is 252.193546 seconds.
finished!
   350

     1

     2

     3

     4

     5

start retrieving
Elapsed time is 129.492125 seconds.
finished!
   355

     1

     2

     3

     4

     5

start retrieving
Elapsed time is 77.548534 seconds.
finished!
   360

     1

     2

     3

     4

     5

start retrieving
Elapsed time is 119.471530 seconds.
finished!
   365

     1

     2

     3

     4

     5

start retrieving
Elapsed time is 145.584531 seconds.
finished!
