6
MATLAB is selecting SOFTWARE OPENGL rendering.

                            < M A T L A B (R) >
                  Copyright 1984-2018 The MathWorks, Inc.
                   R2018a (9.4.0.813654) 64-bit (glnxa64)
                             February 23, 2018

 
To get started, type one of these: helpwin, helpdesk, or demo.
For product information, visit www.mathworks.com.
 
     6

     5

     1

     2

     3

     4

     5

start retrieving
Elapsed time is 233.255903 seconds.
    10

     1

     2

     3

     4

     5

start retrieving
Elapsed time is 227.038680 seconds.
    15

     1

     2

     3

     4

     5

start retrieving
Elapsed time is 481.400299 seconds.
    20

     1

     2

     3

     4

     5

start retrieving
Elapsed time is 797.401462 seconds.
    25

     1

     2

     3

     4

     5

start retrieving
Elapsed time is 609.045485 seconds.
    30

     1

     2

     3

     4

     5

start retrieving
Elapsed time is 193.909561 seconds.
    35

     1

     2

     3

     4

     5

start retrieving
Elapsed time is 486.558651 seconds.
    40

     1

     2

     3

     4

     5

start retrieving
Elapsed time is 530.491538 seconds.
    45

     1

     2

     3

     4

     5

start retrieving
Elapsed time is 928.930854 seconds.
    50

     1

     2

     3

     4

     5

start retrieving
Elapsed time is 728.416877 seconds.
    55

     1

     2

     3

     4

     5

start retrieving
Elapsed time is 553.919279 seconds.
    60

     1

     2

     3

     4

     5

start retrieving
Elapsed time is 562.018124 seconds.
    65

     1

     2

     3

     4

     5

start retrieving
Elapsed time is 372.355063 seconds.
    70

     1

     2

     3

     4

     5

start retrieving
Elapsed time is 355.237179 seconds.
    75

     1

     2

     3

     4

     5

start retrieving
Elapsed time is 667.465973 seconds.
    80

     1

     2

     3

     4

     5

start retrieving
Elapsed time is 506.058087 seconds.
    85

     1

     2

     3

     4

     5

start retrieving
Elapsed time is 427.244043 seconds.
    90

     1

     2

     3

     4

     5

start retrieving
Elapsed time is 513.483945 seconds.
    95

     1

     2

     3

     4

     5

start retrieving
Elapsed time is 714.812742 seconds.
   100

     1

     2

     3

     4

     5

start retrieving
Elapsed time is 648.756278 seconds.
   105

     1

     2

     3

     4

     5

start retrieving
Elapsed time is 290.941004 seconds.
   110

     1

     2

     3

     4

     5

start retrieving
Elapsed time is 950.475842 seconds.
   115

     1

     2

     3

     4

     5

start retrieving
Elapsed time is 663.920669 seconds.
   120

     1

     2

     3

     4

     5

start retrieving
Elapsed time is 680.931475 seconds.
   125

     1

     2

     3

     4

     5

start retrieving
Elapsed time is 1695.054306 seconds.
   130

     1

     2

     3

     4

     5

start retrieving
Elapsed time is 775.834140 seconds.
   135

     1

     2

     3

     4

     5

start retrieving
Elapsed time is 601.804857 seconds.
   140

     1

     2

     3

     4

     5

start retrieving
Elapsed time is 512.815245 seconds.
   145

     1

     2

     3

     4

     5

start retrieving
Elapsed time is 548.094417 seconds.
   150

     1

     2

     3

     4

     5

start retrieving
Elapsed time is 702.253869 seconds.
   155

     1

     2

     3

     4

     5

start retrieving
Elapsed time is 553.189099 seconds.
   160

     1

     2

     3

     4

     5

start retrieving
Elapsed time is 578.825764 seconds.
   165

     1

     2

     3

     4

     5

start retrieving
Elapsed time is 1052.039893 seconds.
   170

     1

     2

     3

     4

     5

start retrieving
Elapsed time is 1865.455145 seconds.
   175

     1

     2

     3

     4

     5

start retrieving
Elapsed time is 1346.132010 seconds.
   180

     1

     2

     3

     4

     5

start retrieving
Elapsed time is 960.154937 seconds.
   185

     1

     2

     3

     4

     5

start retrieving
Elapsed time is 1273.283434 seconds.
   190

     1

     2

     3

     4

     5

start retrieving
Elapsed time is 1160.998382 seconds.
   195

     1

     2

     3

     4

     5

start retrieving
Elapsed time is 1756.798203 seconds.
   200

     1

     2

     3

     4

     5

start retrieving
Elapsed time is 2661.134178 seconds.
   205

     1

     2

     3

     4

     5

start retrieving
Elapsed time is 1342.406033 seconds.
   210

     1

     2

     3

     4

     5

start retrieving
Elapsed time is 2585.761644 seconds.
   215

     1

     2

     3

     4

     5

start retrieving
Elapsed time is 3123.376311 seconds.
   220

     1

     2

     3

     4

     5

start retrieving
Elapsed time is 2199.760018 seconds.
   225

     1

     2

     3

     4

     5

start retrieving
Elapsed time is 2728.852754 seconds.
   230

     1

     2

     3

     4

     5

start retrieving
Elapsed time is 2451.028932 seconds.
   235

     1

     2

     3

     4

     5

start retrieving
Elapsed time is 2069.872845 seconds.
   240

     1

     2

     3

     4

     5

start retrieving
Elapsed time is 3070.410833 seconds.
   245

     1

     2

     3

     4

     5

start retrieving
Elapsed time is 918.649322 seconds.
   250

     1

     2

     3

     4

     5

start retrieving
Elapsed time is 800.594950 seconds.
   255

     1

     2

     3

     4

     5

start retrieving
Elapsed time is 1897.336979 seconds.
   260

     1

     2

     3

     4

     5

start retrieving
Elapsed time is 1348.862284 seconds.
   265

     1

     2

     3

     4

     5

start retrieving
Elapsed time is 1218.201721 seconds.
   270

     1

     2

     3

     4

     5

start retrieving
Elapsed time is 1247.068015 seconds.
   275

     1

     2

     3

     4

     5

start retrieving
Elapsed time is 1225.531405 seconds.
   280

     1

     2

     3

     4

     5

start retrieving
Elapsed time is 872.494799 seconds.
   285

     1

     2

     3

     4

     5

start retrieving
Elapsed time is 1013.129385 seconds.
   290

     1

     2

     3

     4

     5

start retrieving
Elapsed time is 623.917311 seconds.
   295

     1

     2

     3

     4

     5

start retrieving
Elapsed time is 983.907637 seconds.
   300

     1

     2

     3

     4

     5

start retrieving
Elapsed time is 702.493067 seconds.
   305

     1

     2

     3

     4

     5

start retrieving
Elapsed time is 1399.248043 seconds.
   310

     1

     2

     3

     4

     5

start retrieving
Elapsed time is 1542.620168 seconds.
   315

     1

     2

     3

     4

     5

start retrieving
Elapsed time is 687.996143 seconds.
   320

     1

     2

     3

     4

     5

start retrieving
Elapsed time is 619.763695 seconds.
   325

     1

     2

     3

     4

     5

start retrieving
Elapsed time is 1140.403661 seconds.
   330

     1

     2

     3

     4

     5

start retrieving
Elapsed time is 1129.715527 seconds.
   335

     1

     2

     3

     4

     5

start retrieving
Elapsed time is 953.808281 seconds.
   340

     1

     2

     3

     4

     5

start retrieving
Elapsed time is 797.231535 seconds.
   345

     1

     2

     3

     4

     5

start retrieving
Elapsed time is 716.852466 seconds.
   350

     1

     2

     3

     4

     5

start retrieving
Elapsed time is 917.609977 seconds.
   355

     1

     2

     3

     4

     5

start retrieving
Elapsed time is 460.660272 seconds.
   360

     1

     2

     3

     4

     5

start retrieving
Elapsed time is 690.801537 seconds.
   365

     1

     2

     3

     4

     5

start retrieving
Elapsed time is 1084.765697 seconds.
finished!
Your MATLAB session has timed out.  All license keys have been returned.
