5
MATLAB is selecting SOFTWARE OPENGL rendering.

                            < M A T L A B (R) >
                  Copyright 1984-2018 The MathWorks, Inc.
                   R2018a (9.4.0.813654) 64-bit (glnxa64)
                             February 23, 2018

 
To get started, type one of these: helpwin, helpdesk, or demo.
For product information, visit www.mathworks.com.
 
     5

     5

     1

     2

     3

     4

     5

start retrieving
Elapsed time is 19.728066 seconds.
    10

     1

     2

     3

     4

     5

start retrieving
Elapsed time is 19.286282 seconds.
    15

     1

     2

     3

     4

     5

start retrieving
Elapsed time is 20.017757 seconds.
    20

     1

     2

     3

     4

     5

start retrieving
Elapsed time is 20.083689 seconds.
    25

     1

     2

     3

     4

     5

start retrieving
Elapsed time is 19.754661 seconds.
    30

     1

     2

     3

     4

     5

start retrieving
Elapsed time is 19.125356 seconds.
    35

     1

     2

     3

     4

     5

start retrieving
Elapsed time is 19.712285 seconds.
    40

     1

     2

     3

     4

     5

start retrieving
Elapsed time is 19.570106 seconds.
    45

     1

     2

     3

     4

     5

start retrieving
Elapsed time is 20.153263 seconds.
    50

     1

     2

     3

     4

     5

start retrieving
Elapsed time is 19.920694 seconds.
    55

     1

     2

     3

     4

     5

start retrieving
Elapsed time is 19.567990 seconds.
    60

     1

     2

     3

     4

     5

start retrieving
Elapsed time is 19.781551 seconds.
    65

     1

     2

     3

     4

     5

start retrieving
Elapsed time is 19.648117 seconds.
    70

     1

     2

     3

     4

     5

start retrieving
Elapsed time is 19.703722 seconds.
    75

     1

     2

     3

     4

     5

start retrieving
Elapsed time is 19.711653 seconds.
    80

     1

     2

     3

     4

     5

start retrieving
Elapsed time is 19.322749 seconds.
    85

     1

     2

     3

     4

     5

start retrieving
Elapsed time is 19.560842 seconds.
    90

     1

     2

     3

     4

     5

start retrieving
Elapsed time is 19.658485 seconds.
    95

     1

     2

     3

     4

     5

start retrieving
Elapsed time is 19.702760 seconds.
   100

     1

     2

     3

     4

     5

start retrieving
Elapsed time is 19.257611 seconds.
   105

     1

     2

     3

     4

     5

start retrieving
Elapsed time is 19.259961 seconds.
   110

     1

     2

     3

     4

     5

start retrieving
Elapsed time is 19.623436 seconds.
   115

     1

     2

     3

     4

     5

start retrieving
Elapsed time is 19.642675 seconds.
   120

     1

     2

     3

     4

     5

start retrieving
Elapsed time is 19.803938 seconds.
   125

     1

     2

     3

     4

     5

start retrieving
Elapsed time is 20.508989 seconds.
   130

     1

     2

     3

     4

     5

start retrieving
Elapsed time is 20.102174 seconds.
   135

     1

     2

     3

     4

     5

start retrieving
Elapsed time is 21.234686 seconds.
   140

     1

     2

     3

     4

     5

start retrieving
Elapsed time is 19.990465 seconds.
   145

     1

     2

     3

     4

     5

start retrieving
Elapsed time is 19.852388 seconds.
   150

     1

     2

     3

     4

     5

start retrieving
Elapsed time is 20.238492 seconds.
   155

     1

     2

     3

     4

     5

start retrieving
Elapsed time is 20.483524 seconds.
   160

     1

     2

     3

     4

     5

start retrieving
Elapsed time is 20.122022 seconds.
   165

     1

     2

     3

     4

     5

start retrieving
Elapsed time is 29.521074 seconds.
   170

     1

     2

     3

     4

     5

start retrieving
Elapsed time is 20.797085 seconds.
   175

     1

     2

     3

     4

     5

start retrieving
Elapsed time is 20.402751 seconds.
   180

     1

     2

     3

     4

     5

start retrieving
Elapsed time is 22.268238 seconds.
   185

     1

     2

     3

     4

     5

start retrieving
Elapsed time is 19.820253 seconds.
   190

     1

     2

     3

     4

     5

start retrieving
Elapsed time is 19.889562 seconds.
   195

     1

     2

     3

     4

     5

start retrieving
Elapsed time is 20.723758 seconds.
   200

     1

     2

     3

     4

     5

start retrieving
Elapsed time is 20.657641 seconds.
   205

     1

     2

     3

     4

     5

start retrieving
Elapsed time is 19.899332 seconds.
   210

     1

     2

     3

     4

     5

start retrieving
Elapsed time is 20.831923 seconds.
   215

     1

     2

     3

     4

     5

start retrieving
Elapsed time is 21.306503 seconds.
   220

     1

     2

     3

     4

     5

start retrieving
Elapsed time is 20.508766 seconds.
   225

     1

     2

     3

     4

     5

start retrieving
Elapsed time is 30.132104 seconds.
   230

     1

     2

     3

     4

     5

start retrieving
Elapsed time is 20.599185 seconds.
   235

     1

     2

     3

     4

     5

start retrieving
Elapsed time is 20.560444 seconds.
   240

     1

     2

     3

     4

     5

start retrieving
Elapsed time is 29.434584 seconds.
   245

     1

     2

     3

     4

     5

start retrieving
Elapsed time is 28.792350 seconds.
   250

     1

     2

     3

     4

     5

start retrieving
Elapsed time is 19.393190 seconds.
   255

     1

     2

     3

     4

     5

start retrieving
Elapsed time is 28.575410 seconds.
   260

     1

     2

     3

     4

     5

start retrieving
Elapsed time is 19.760390 seconds.
   265

     1

     2

     3

     4

     5

start retrieving
Elapsed time is 19.831300 seconds.
   270

     1

     2

     3

     4

     5

start retrieving
Elapsed time is 28.367840 seconds.
   275

     1

     2

     3

     4

     5

start retrieving
Elapsed time is 19.828455 seconds.
   280

     1

     2

     3

     4

     5

start retrieving
Elapsed time is 19.686536 seconds.
   285

     1

     2

     3

     4

     5

start retrieving
Elapsed time is 19.545284 seconds.
   290

     1

     2

     3

     4

     5

start retrieving
Elapsed time is 19.120451 seconds.
   295

     1

     2

     3

     4

     5

start retrieving
Elapsed time is 19.800816 seconds.
   300

     1

     2

     3

     4

     5

start retrieving
Elapsed time is 19.642761 seconds.
   305

     1

     2

     3

     4

     5

start retrieving
Elapsed time is 19.532410 seconds.
   310

     1

     2

     3

     4

     5

start retrieving
Elapsed time is 20.138226 seconds.
   315

     1

     2

     3

     4

     5

start retrieving
Elapsed time is 19.685327 seconds.
   320

     1

     2

     3

     4

     5

start retrieving
Elapsed time is 20.004131 seconds.
   325

     1

     2

     3

     4

     5

start retrieving
Elapsed time is 28.522394 seconds.
   330

     1

     2

     3

     4

     5

start retrieving
Elapsed time is 28.682742 seconds.
   335

     1

     2

     3

     4

     5

start retrieving
Elapsed time is 19.843840 seconds.
   340

     1

     2

     3

     4

     5

start retrieving
Elapsed time is 20.009601 seconds.
   345

     1

     2

     3

     4

     5

start retrieving
Elapsed time is 19.997638 seconds.
   350

     1

     2

     3

     4

     5

start retrieving
Elapsed time is 19.936825 seconds.
   355

     1

     2

     3

     4

     5

start retrieving
Elapsed time is 19.275143 seconds.
   360

     1

     2

     3

     4

     5

start retrieving
Elapsed time is 19.767438 seconds.
   365

     1

     2

     3

     4

     5

start retrieving
Elapsed time is 19.654602 seconds.
finished!
