3
MATLAB is selecting SOFTWARE OPENGL rendering.

                            < M A T L A B (R) >
                  Copyright 1984-2018 The MathWorks, Inc.
                   R2018a (9.4.0.813654) 64-bit (glnxa64)
                             February 23, 2018

 
To get started, type one of these: helpwin, helpdesk, or demo.
For product information, visit www.mathworks.com.
 
     3

   185

     1

     2

     3

     4

     5

start retrieving
Elapsed time is 6225.558576 seconds.
   190

     1

     2

     3

     4

     5

start retrieving
Elapsed time is 6206.990913 seconds.
   195

     1

     2

     3

     4

     5

start retrieving
Elapsed time is 8817.258062 seconds.
   200

     1

     2

     3

     4

     5

start retrieving
Elapsed time is 9428.670318 seconds.
   205

     1

     2

     3

     4

     5

start retrieving
Elapsed time is 5494.506812 seconds.
   210

     1

     2

     3

     4

     5

start retrieving
Elapsed time is 7895.272076 seconds.
   215

     1

     2

     3

     4

     5

start retrieving
Elapsed time is 8355.825509 seconds.
   220

     1

     2

     3

     4

     5

start retrieving
Elapsed time is 8079.133408 seconds.
   225

     1

     2

     3

     4

     5

start retrieving
Elapsed time is 8595.827458 seconds.
   230

     1

     2

     3

     4

     5

start retrieving
Elapsed time is 8631.356858 seconds.
   235

     1

     2

     3

     4

     5

start retrieving
Elapsed time is 8827.659360 seconds.
   240

     1

     2

     3

     4

     5

start retrieving
Elapsed time is 16721.099152 seconds.
   245

     1

     2

     3

     4

     5

start retrieving
Elapsed time is 18581.673641 seconds.
   250

     1

     2

     3

     4

     5

start retrieving
Elapsed time is 6953.793746 seconds.
   255

     1

     2

     3

     4

     5

start retrieving
Elapsed time is 5093.795543 seconds.
   260

     1

     2

     3

     4

     5

start retrieving
Elapsed time is 22023.527830 seconds.
   265

     1

     2

     3

     4

     5

start retrieving
Elapsed time is 7511.158023 seconds.
   270

     1

     2

     3

     4

     5

start retrieving
Elapsed time is 17818.412106 seconds.
   275

     1

     2

     3

     4

     5

start retrieving
Elapsed time is 16757.166505 seconds.
   280

     1

     2

     3

     4

     5

start retrieving
Elapsed time is 50593.003545 seconds.
   285

     1

     2

     3

     4

     5

start retrieving
Elapsed time is 3869.663547 seconds.
   290

     1

     2

     3

     4

     5

start retrieving
Elapsed time is 19488.591770 seconds.
   295

     1

     2

     3

     4

     5

start retrieving
Elapsed time is 4436.182769 seconds.
   300

     1

     2

     3

     4

     5

start retrieving
Elapsed time is 4314.936755 seconds.
   305

     1

     2

     3

     4

     5

start retrieving
Elapsed time is 3275.666339 seconds.
   310

     1

     2

     3

     4

     5

start retrieving
Elapsed time is 4529.639567 seconds.
   315

     1

     2

     3

     4

     5

start retrieving
Elapsed time is 2928.390541 seconds.
   320

     1

     2

     3

     4

     5

start retrieving
Elapsed time is 3451.853208 seconds.
   325

     1

     2

     3

     4

     5

start retrieving
Elapsed time is 2977.304044 seconds.
   330

     1

     2

     3

     4

     5

start retrieving
Elapsed time is 2987.427195 seconds.
   335

     1

     2

     3

     4

     5

start retrieving
Elapsed time is 2964.523887 seconds.
   340

     1

     2

     3

     4

     5

start retrieving
Elapsed time is 2671.940317 seconds.
   345

     1

     2

     3

     4

     5

start retrieving
Elapsed time is 3109.105759 seconds.
   350

     1

     2

     3

     4

     5

start retrieving
Elapsed time is 2279.706692 seconds.
   355

     1

     2

     3

     4

     5

start retrieving
Elapsed time is 1469.493107 seconds.
   360

     1

     2

     3

     4

     5

start retrieving
Elapsed time is 3212.962950 seconds.
   365

     1

     2

     3

     4

     5

start retrieving
Elapsed time is 2906.114390 seconds.
finished!
Your MATLAB session has timed out.  All license keys have been returned.
