7
MATLAB is selecting SOFTWARE OPENGL rendering.

                            < M A T L A B (R) >
                  Copyright 1984-2018 The MathWorks, Inc.
                   R2018a (9.4.0.813654) 64-bit (glnxa64)
                             February 23, 2018

 
To get started, type one of these: helpwin, helpdesk, or demo.
For product information, visit www.mathworks.com.
 
     7

     5

     1

     2

     3

     4

     5

start retrieving
Elapsed time is 762.624238 seconds.
    10

     1

     2

     3

     4

     5

start retrieving
Elapsed time is 377.169521 seconds.
    15

     1

     2

     3

     4

     5

start retrieving
Elapsed time is 324.668354 seconds.
    20

     1

     2

     3

     4

     5

start retrieving
Elapsed time is 186.934530 seconds.
    25

     1

     2

     3

     4

     5

start retrieving
Elapsed time is 333.787597 seconds.
    30

     1

     2

     3

     4

     5

start retrieving
Elapsed time is 492.584489 seconds.
    35

     1

     2

     3

     4

     5

start retrieving
Elapsed time is 632.952280 seconds.
    40

     1

     2

     3

     4

     5

start retrieving
Elapsed time is 466.072979 seconds.
    45

     1

     2

     3

     4

     5

start retrieving
Elapsed time is 631.836193 seconds.
    50

     1

     2

     3

     4

     5

start retrieving
Elapsed time is 612.472541 seconds.
    55

     1

     2

     3

     4

     5

start retrieving
Elapsed time is 578.090962 seconds.
    60

     1

     2

     3

     4

     5

start retrieving
Elapsed time is 414.493535 seconds.
    65

     1

     2

     3

     4

     5

start retrieving
Elapsed time is 537.943272 seconds.
    70

     1

     2

     3

     4

     5

start retrieving
Elapsed time is 290.706216 seconds.
    75

     1

     2

     3

     4

     5

start retrieving
Elapsed time is 333.558492 seconds.
    80

     1

     2

     3

     4

     5

start retrieving
Elapsed time is 271.122003 seconds.
    85

     1

     2

     3

     4

     5

start retrieving
Elapsed time is 618.666093 seconds.
    90

     1

     2

     3

     4

     5

start retrieving
Elapsed time is 600.378849 seconds.
    95

     1

     2

     3

     4

     5

start retrieving
Elapsed time is 766.186653 seconds.
   100

     1

     2

     3

     4

     5

start retrieving
Elapsed time is 294.654259 seconds.
   105

     1

     2

     3

     4

     5

start retrieving
Elapsed time is 525.611619 seconds.
   110

     1

     2

     3

     4

     5

start retrieving
Elapsed time is 771.654001 seconds.
   115

     1

     2

     3

     4

     5

start retrieving
Elapsed time is 882.918464 seconds.
   120

     1

     2

     3

     4

     5

start retrieving
Elapsed time is 1187.523748 seconds.
   125

     1

     2

     3

     4

     5

start retrieving
Elapsed time is 986.789576 seconds.
   130

     1

     2

     3

     4

     5

start retrieving
Elapsed time is 1313.749272 seconds.
   135

     1

     2

     3

     4

     5

start retrieving
Elapsed time is 1540.979584 seconds.
   140

     1

     2

     3

     4

     5

start retrieving
Elapsed time is 1409.643495 seconds.
   145

     1

     2

     3

     4

     5

start retrieving
Elapsed time is 1570.402034 seconds.
   150

     1

     2

     3

     4

     5

start retrieving
Elapsed time is 1302.821935 seconds.
   155

     1

     2

     3

     4

     5

start retrieving
Elapsed time is 1410.508097 seconds.
   160

     1

     2

     3

     4

     5

start retrieving
Elapsed time is 1738.084532 seconds.
   165

     1

     2

     3

     4

     5

start retrieving
Elapsed time is 2288.015937 seconds.
   170

     1

     2

     3

     4

     5

start retrieving
Elapsed time is 2133.098524 seconds.
   175

     1

     2

     3

     4

     5

start retrieving
Elapsed time is 1717.632925 seconds.
   180

     1

     2

     3

     4

     5

start retrieving
Elapsed time is 1579.680684 seconds.
   185

     1

     2

     3

     4

     5

start retrieving
Elapsed time is 1151.919677 seconds.
   190

     1

     2

     3

     4

     5

start retrieving
Elapsed time is 1390.303962 seconds.
   195

     1

     2

     3

     4

     5

start retrieving
Elapsed time is 2142.315558 seconds.
   200

     1

     2

     3

     4

     5

start retrieving
Elapsed time is 2126.441665 seconds.
   205

     1

     2

     3

     4

     5

start retrieving
Elapsed time is 1814.233165 seconds.
   210

     1

     2

     3

     4

     5

start retrieving
Elapsed time is 2170.073751 seconds.
   215

     1

     2

     3

     4

     5

start retrieving
Elapsed time is 2868.679050 seconds.
   220

     1

     2

     3

     4

     5

start retrieving
Elapsed time is 2650.000512 seconds.
   225

     1

     2

     3

     4

     5

start retrieving
Elapsed time is 2485.209664 seconds.
   230

     1

     2

     3

     4

     5

start retrieving
Elapsed time is 2037.620380 seconds.
   235

     1

     2

     3

     4

     5

start retrieving
Elapsed time is 2308.115811 seconds.
   240

     1

     2

     3

     4

     5

start retrieving
Elapsed time is 2727.822087 seconds.
   245

     1

     2

     3

     4

     5

start retrieving
Elapsed time is 2291.969308 seconds.
   250

     1

     2

     3

     4

     5

start retrieving
Elapsed time is 1539.638044 seconds.
   255

     1

     2

     3

     4

     5

start retrieving
Elapsed time is 1597.560905 seconds.
   260

     1

     2

     3

     4

     5

start retrieving
Elapsed time is 1485.603828 seconds.
   265

     1

     2

     3

     4

     5

start retrieving
Elapsed time is 1065.079812 seconds.
   270

     1

     2

     3

     4

     5

start retrieving
Elapsed time is 1583.470140 seconds.
   275

     1

     2

     3

     4

     5

start retrieving
Elapsed time is 1306.039399 seconds.
   280

     1

     2

     3

     4

     5

start retrieving
Elapsed time is 1188.263427 seconds.
   285

     1

     2

     3

     4

     5

start retrieving
Elapsed time is 839.220909 seconds.
   290

     1

     2

     3

     4

     5

start retrieving
Elapsed time is 943.989812 seconds.
   295

     1

     2

     3

     4

     5

start retrieving
Elapsed time is 951.067094 seconds.
   300

     1

     2

     3

     4

     5

start retrieving
Elapsed time is 1137.953434 seconds.
   305

     1

     2

     3

     4

     5

start retrieving
Elapsed time is 904.588332 seconds.
   310

     1

     2

     3

     4

     5

start retrieving
Elapsed time is 621.489457 seconds.
   315

     1

     2

     3

     4

     5

start retrieving
Elapsed time is 539.337981 seconds.
   320

     1

     2

     3

     4

     5

start retrieving
Elapsed time is 685.231510 seconds.
   325

     1

     2

     3

     4

     5

start retrieving
Elapsed time is 603.085170 seconds.
   330

     1

     2

     3

     4

     5

start retrieving
Elapsed time is 399.534691 seconds.
   335

     1

     2

     3

     4

     5

start retrieving
Elapsed time is 860.245688 seconds.
   340

     1

     2

     3

     4

     5

start retrieving
Elapsed time is 642.706693 seconds.
   345

     1

     2

     3

     4

     5

start retrieving
Elapsed time is 455.549363 seconds.
   350

     1

     2

     3

     4

     5

start retrieving
Elapsed time is 460.425968 seconds.
   355

     1

     2

     3

     4

     5

start retrieving
Elapsed time is 262.706068 seconds.
   360

     1

     2

     3

     4

     5

start retrieving
Elapsed time is 660.124084 seconds.
   365

     1

     2

     3

     4

     5

start retrieving
Elapsed time is 672.253827 seconds.
finished!
Your MATLAB session has timed out.  All license keys have been returned.
